<?xml version="1.0" encoding="UTF-8"?>
<testng-results ignored="0" total="18" passed="18" failed="0" skipped="0">
  <reporter-output>
  </reporter-output>
  <suite started-at="2022-11-07T12:48:05 GMT-05:00" name="Default suite" finished-at="2022-11-07T12:48:09 GMT-05:00" duration-ms="3880">
    <groups>
    </groups>
    <test started-at="2022-11-07T12:48:05 GMT-05:00" name="Default test" finished-at="2022-11-07T12:48:09 GMT-05:00" duration-ms="3880">
      <class name="com.org.concordia.photoapi.tests.TestAddAndRemoveFavouritePhotosByUserApi">
        <test-method is-config="true" signature="setup()[pri:0, instance:com.org.concordia.photoapi.tests.TestAddAndRemoveFavouritePhotosByUserApi@5b239d7d]" started-at="2022-11-07T12:48:06 GMT-05:00" name="setup" finished-at="2022-11-07T12:48:06 GMT-05:00" duration-ms="395" status="PASS">
          <reporter-output>
          </reporter-output>
        </test-method> <!-- setup -->
        <test-method signature="addUserFavPhotos()[pri:0, instance:com.org.concordia.photoapi.tests.TestAddAndRemoveFavouritePhotosByUserApi@5b239d7d]" started-at="2022-11-07T12:48:06 GMT-05:00" name="addUserFavPhotos" finished-at="2022-11-07T12:48:07 GMT-05:00" duration-ms="1254" status="PASS">
          <reporter-output>
          </reporter-output>
        </test-method> <!-- addUserFavPhotos -->
        <test-method signature="removeUserFavPhotos()[pri:1, instance:com.org.concordia.photoapi.tests.TestAddAndRemoveFavouritePhotosByUserApi@5b239d7d]" started-at="2022-11-07T12:48:07 GMT-05:00" name="removeUserFavPhotos" finished-at="2022-11-07T12:48:07 GMT-05:00" duration-ms="123" status="PASS">
          <reporter-output>
          </reporter-output>
        </test-method> <!-- removeUserFavPhotos -->
      </class> <!-- com.org.concordia.photoapi.tests.TestAddAndRemoveFavouritePhotosByUserApi -->
      <class name="com.org.concordia.photoapi.tests.TestGetAllLikedPhotosByUsernameApi">
        <test-method is-config="true" signature="setup()[pri:0, instance:com.org.concordia.photoapi.tests.TestGetAllLikedPhotosByUsernameApi@3a93b025]" started-at="2022-11-07T12:48:08 GMT-05:00" name="setup" finished-at="2022-11-07T12:48:08 GMT-05:00" duration-ms="1" status="PASS">
          <reporter-output>
          </reporter-output>
        </test-method> <!-- setup -->
        <test-method signature="addPhotosLikedByUser()[pri:0, instance:com.org.concordia.photoapi.tests.TestGetAllLikedPhotosByUsernameApi@3a93b025]" started-at="2022-11-07T12:48:08 GMT-05:00" name="addPhotosLikedByUser" finished-at="2022-11-07T12:48:08 GMT-05:00" duration-ms="103" status="PASS">
          <reporter-output>
          </reporter-output>
        </test-method> <!-- addPhotosLikedByUser -->
        <test-method signature="getLikedPhotos()[pri:1, instance:com.org.concordia.photoapi.tests.TestGetAllLikedPhotosByUsernameApi@3a93b025]" started-at="2022-11-07T12:48:08 GMT-05:00" name="getLikedPhotos" finished-at="2022-11-07T12:48:08 GMT-05:00" duration-ms="28" status="PASS">
          <reporter-output>
          </reporter-output>
        </test-method> <!-- getLikedPhotos -->
      </class> <!-- com.org.concordia.photoapi.tests.TestGetAllLikedPhotosByUsernameApi -->
      <class name="com.org.concordia.photoapi.tests.TestValidateUserApi">
        <test-method is-config="true" signature="setup()[pri:0, instance:com.org.concordia.photoapi.tests.TestValidateUserApi@6ae5aa72]" started-at="2022-11-07T12:48:07 GMT-05:00" name="setup" finished-at="2022-11-07T12:48:07 GMT-05:00" duration-ms="1" status="PASS">
          <reporter-output>
          </reporter-output>
        </test-method> <!-- setup -->
        <test-method signature="userAuthenticationFailure()[pri:0, instance:com.org.concordia.photoapi.tests.TestValidateUserApi@6ae5aa72]" started-at="2022-11-07T12:48:07 GMT-05:00" name="userAuthenticationFailure" finished-at="2022-11-07T12:48:07 GMT-05:00" duration-ms="82" status="PASS">
          <reporter-output>
          </reporter-output>
        </test-method> <!-- userAuthenticationFailure -->
        <test-method signature="userAuthenticationSuccess()[pri:0, instance:com.org.concordia.photoapi.tests.TestValidateUserApi@6ae5aa72]" started-at="2022-11-07T12:48:07 GMT-05:00" name="userAuthenticationSuccess" finished-at="2022-11-07T12:48:07 GMT-05:00" duration-ms="32" status="PASS">
          <reporter-output>
          </reporter-output>
        </test-method> <!-- userAuthenticationSuccess -->
        <test-method signature="userAuthenticationWrongPassword()[pri:0, instance:com.org.concordia.photoapi.tests.TestValidateUserApi@6ae5aa72]" started-at="2022-11-07T12:48:07 GMT-05:00" name="userAuthenticationWrongPassword" finished-at="2022-11-07T12:48:07 GMT-05:00" duration-ms="26" status="PASS">
          <reporter-output>
          </reporter-output>
        </test-method> <!-- userAuthenticationWrongPassword -->
      </class> <!-- com.org.concordia.photoapi.tests.TestValidateUserApi -->
      <class name="com.org.concordia.photoapi.tests.TestDataInsertionInDB">
        <test-method is-config="true" signature="insertTestDataInDB()[pri:0, instance:com.org.concordia.photoapi.tests.TestDataInsertionInDB@72d1ad2e]" started-at="2022-11-07T12:48:05 GMT-05:00" name="insertTestDataInDB" finished-at="2022-11-07T12:48:05 GMT-05:00" duration-ms="823" status="PASS">
          <reporter-output>
          </reporter-output>
        </test-method> <!-- insertTestDataInDB -->
      </class> <!-- com.org.concordia.photoapi.tests.TestDataInsertionInDB -->
      <class name="com.org.concordia.photoapi.tests.TestGetAllFavPhotosByUsernameApi">
        <test-method is-config="true" signature="setup()[pri:0, instance:com.org.concordia.photoapi.tests.TestGetAllFavPhotosByUsernameApi@2d7275fc]" started-at="2022-11-07T12:48:07 GMT-05:00" name="setup" finished-at="2022-11-07T12:48:07 GMT-05:00" duration-ms="0" status="PASS">
          <reporter-output>
          </reporter-output>
        </test-method> <!-- setup -->
        <test-method signature="addUserFavPhotos()[pri:0, instance:com.org.concordia.photoapi.tests.TestGetAllFavPhotosByUsernameApi@2d7275fc]" started-at="2022-11-07T12:48:07 GMT-05:00" name="addUserFavPhotos" finished-at="2022-11-07T12:48:08 GMT-05:00" duration-ms="124" status="PASS">
          <reporter-output>
          </reporter-output>
        </test-method> <!-- addUserFavPhotos -->
        <test-method signature="getFavPhotos()[pri:1, instance:com.org.concordia.photoapi.tests.TestGetAllFavPhotosByUsernameApi@2d7275fc]" started-at="2022-11-07T12:48:08 GMT-05:00" name="getFavPhotos" finished-at="2022-11-07T12:48:08 GMT-05:00" duration-ms="230" status="PASS">
          <reporter-output>
          </reporter-output>
        </test-method> <!-- getFavPhotos -->
      </class> <!-- com.org.concordia.photoapi.tests.TestGetAllFavPhotosByUsernameApi -->
      <class name="com.org.concordia.photoapi.tests.TestUserDetailsAfterLogin">
        <test-method is-config="true" signature="setup()[pri:0, instance:com.org.concordia.photoapi.tests.TestUserDetailsAfterLogin@35cabb2a]" started-at="2022-11-07T12:48:08 GMT-05:00" name="setup" finished-at="2022-11-07T12:48:08 GMT-05:00" duration-ms="1" status="PASS">
          <reporter-output>
          </reporter-output>
        </test-method> <!-- setup -->
        <test-method signature="userDetailsAfterLogin()[pri:0, instance:com.org.concordia.photoapi.tests.TestUserDetailsAfterLogin@35cabb2a]" started-at="2022-11-07T12:48:08 GMT-05:00" name="userDetailsAfterLogin" finished-at="2022-11-07T12:48:08 GMT-05:00" duration-ms="28" status="PASS">
          <reporter-output>
          </reporter-output>
        </test-method> <!-- userDetailsAfterLogin -->
      </class> <!-- com.org.concordia.photoapi.tests.TestUserDetailsAfterLogin -->
      <class name="com.org.concordia.photoapi.tests.TestDBConnection">
        <test-method signature="closeConnection()[pri:0, instance:com.org.concordia.photoapi.tests.TestDBConnection@399f45b1]" started-at="2022-11-07T12:48:08 GMT-05:00" name="closeConnection" finished-at="2022-11-07T12:48:08 GMT-05:00" duration-ms="1" status="PASS">
          <reporter-output>
          </reporter-output>
        </test-method> <!-- closeConnection -->
        <test-method signature="setupConnection()[pri:0, instance:com.org.concordia.photoapi.tests.TestDBConnection@399f45b1]" started-at="2022-11-07T12:48:08 GMT-05:00" name="setupConnection" finished-at="2022-11-07T12:48:08 GMT-05:00" duration-ms="1" status="PASS">
          <reporter-output>
          </reporter-output>
        </test-method> <!-- setupConnection -->
      </class> <!-- com.org.concordia.photoapi.tests.TestDBConnection -->
      <class name="com.org.concordia.photoapi.tests.TestGetAllPhotosApi">
        <test-method is-config="true" signature="setup()[pri:0, instance:com.org.concordia.photoapi.tests.TestGetAllPhotosApi@1189dd52]" started-at="2022-11-07T12:48:08 GMT-05:00" name="setup" finished-at="2022-11-07T12:48:08 GMT-05:00" duration-ms="1" status="PASS">
          <reporter-output>
          </reporter-output>
        </test-method> <!-- setup -->
        <test-method signature="showAllPhotosToUser()[pri:0, instance:com.org.concordia.photoapi.tests.TestGetAllPhotosApi@1189dd52]" started-at="2022-11-07T12:48:08 GMT-05:00" name="showAllPhotosToUser" finished-at="2022-11-07T12:48:09 GMT-05:00" duration-ms="949" status="PASS">
          <reporter-output>
          </reporter-output>
        </test-method> <!-- showAllPhotosToUser -->
      </class> <!-- com.org.concordia.photoapi.tests.TestGetAllPhotosApi -->
      <class name="com.org.concordia.photoapi.tests.TestAddAndRemoveLikedPhotosByUserApi">
        <test-method is-config="true" signature="setup()[pri:0, instance:com.org.concordia.photoapi.tests.TestAddAndRemoveLikedPhotosByUserApi@7e07db1f]" started-at="2022-11-07T12:48:08 GMT-05:00" name="setup" finished-at="2022-11-07T12:48:08 GMT-05:00" duration-ms="0" status="PASS">
          <reporter-output>
          </reporter-output>
        </test-method> <!-- setup -->
        <test-method signature="addPhotosLikedByUser()[pri:0, instance:com.org.concordia.photoapi.tests.TestAddAndRemoveLikedPhotosByUserApi@7e07db1f]" started-at="2022-11-07T12:48:08 GMT-05:00" name="addPhotosLikedByUser" finished-at="2022-11-07T12:48:08 GMT-05:00" duration-ms="110" status="PASS">
          <reporter-output>
          </reporter-output>
        </test-method> <!-- addPhotosLikedByUser -->
        <test-method signature="removePhotosDislikedByUser()[pri:1, instance:com.org.concordia.photoapi.tests.TestAddAndRemoveLikedPhotosByUserApi@7e07db1f]" started-at="2022-11-07T12:48:08 GMT-05:00" name="removePhotosDislikedByUser" finished-at="2022-11-07T12:48:08 GMT-05:00" duration-ms="100" status="PASS">
          <reporter-output>
          </reporter-output>
        </test-method> <!-- removePhotosDislikedByUser -->
      </class> <!-- com.org.concordia.photoapi.tests.TestAddAndRemoveLikedPhotosByUserApi -->
      <class name="com.org.concordia.photoapi.tests.TestDataDeletionFromDB">
        <test-method is-config="true" signature="deleteTestDataFromDB()[pri:0, instance:com.org.concordia.photoapi.tests.TestDataDeletionFromDB@36bc55de]" started-at="2022-11-07T12:48:09 GMT-05:00" name="deleteTestDataFromDB" finished-at="2022-11-07T12:48:10 GMT-05:00" duration-ms="458" status="PASS">
          <reporter-output>
          </reporter-output>
        </test-method> <!-- deleteTestDataFromDB -->
      </class> <!-- com.org.concordia.photoapi.tests.TestDataDeletionFromDB -->
      <class name="com.org.concordia.photoapi.tests.TestAddNewUserApi">
        <test-method signature="deleteNewUserCreated()[pri:0, instance:com.org.concordia.photoapi.tests.TestAddNewUserApi@38c6f217]" started-at="2022-11-07T12:48:08 GMT-05:00" name="deleteNewUserCreated" finished-at="2022-11-07T12:48:08 GMT-05:00" duration-ms="90" status="PASS">
          <reporter-output>
          </reporter-output>
        </test-method> <!-- deleteNewUserCreated -->
        <test-method is-config="true" signature="setup()[pri:0, instance:com.org.concordia.photoapi.tests.TestAddNewUserApi@38c6f217]" started-at="2022-11-07T12:48:08 GMT-05:00" name="setup" finished-at="2022-11-07T12:48:08 GMT-05:00" duration-ms="0" status="PASS">
          <reporter-output>
          </reporter-output>
        </test-method> <!-- setup -->
        <test-method signature="addNewUserSuccess()[pri:1, instance:com.org.concordia.photoapi.tests.TestAddNewUserApi@38c6f217]" started-at="2022-11-07T12:48:08 GMT-05:00" name="addNewUserSuccess" finished-at="2022-11-07T12:48:08 GMT-05:00" duration-ms="115" status="PASS">
          <reporter-output>
          </reporter-output>
        </test-method> <!-- addNewUserSuccess -->
        <test-method signature="addNewUserFailure()[pri:2, instance:com.org.concordia.photoapi.tests.TestAddNewUserApi@38c6f217]" started-at="2022-11-07T12:48:08 GMT-05:00" name="addNewUserFailure" finished-at="2022-11-07T12:48:08 GMT-05:00" duration-ms="20" status="PASS">
          <reporter-output>
          </reporter-output>
        </test-method> <!-- addNewUserFailure -->
      </class> <!-- com.org.concordia.photoapi.tests.TestAddNewUserApi -->
    </test> <!-- Default test -->
  </suite> <!-- Default suite -->
</testng-results>
