<?xml version="1.0" encoding="UTF-8"?>
<testng-results ignored="0" total="27" passed="27" failed="0" skipped="0">
  <reporter-output>
  </reporter-output>
  <suite started-at="2022-11-14T16:25:16 GMT-05:00" name="Default suite" finished-at="2022-11-14T16:25:23 GMT-05:00" duration-ms="7684">
    <groups>
    </groups>
    <test started-at="2022-11-14T16:25:16 GMT-05:00" name="Default test" finished-at="2022-11-14T16:25:23 GMT-05:00" duration-ms="7684">
      <class name="com.org.concordia.photoapi.tests.TestAddAndRemoveFavouritePhotosByUserApi">
        <test-method is-config="true" signature="setup()[pri:0, instance:com.org.concordia.photoapi.tests.TestAddAndRemoveFavouritePhotosByUserApi@6c64cb25]" started-at="2022-11-14T16:25:16 GMT-05:00" name="setup" finished-at="2022-11-14T16:25:17 GMT-05:00" duration-ms="812" status="PASS">
          <reporter-output>
          </reporter-output>
        </test-method> <!-- setup -->
        <test-method signature="addUserFavPhotos()[pri:0, instance:com.org.concordia.photoapi.tests.TestAddAndRemoveFavouritePhotosByUserApi@6c64cb25]" started-at="2022-11-14T16:25:17 GMT-05:00" name="addUserFavPhotos" finished-at="2022-11-14T16:25:19 GMT-05:00" duration-ms="2022" status="PASS">
          <reporter-output>
          </reporter-output>
        </test-method> <!-- addUserFavPhotos -->
        <test-method signature="removeUserFavPhotos()[pri:1, instance:com.org.concordia.photoapi.tests.TestAddAndRemoveFavouritePhotosByUserApi@6c64cb25]" started-at="2022-11-14T16:25:19 GMT-05:00" name="removeUserFavPhotos" finished-at="2022-11-14T16:25:19 GMT-05:00" duration-ms="174" status="PASS">
          <reporter-output>
          </reporter-output>
        </test-method> <!-- removeUserFavPhotos -->
        <test-method signature="addUserFavPhotosWithInvalidUser()[pri:2, instance:com.org.concordia.photoapi.tests.TestAddAndRemoveFavouritePhotosByUserApi@6c64cb25]" started-at="2022-11-14T16:25:19 GMT-05:00" name="addUserFavPhotosWithInvalidUser" finished-at="2022-11-14T16:25:19 GMT-05:00" duration-ms="380" status="PASS">
          <reporter-output>
          </reporter-output>
        </test-method> <!-- addUserFavPhotosWithInvalidUser -->
        <test-method signature="removeUserFavPhotosWithInvalidUser()[pri:3, instance:com.org.concordia.photoapi.tests.TestAddAndRemoveFavouritePhotosByUserApi@6c64cb25]" started-at="2022-11-14T16:25:19 GMT-05:00" name="removeUserFavPhotosWithInvalidUser" finished-at="2022-11-14T16:25:19 GMT-05:00" duration-ms="62" status="PASS">
          <reporter-output>
          </reporter-output>
        </test-method> <!-- removeUserFavPhotosWithInvalidUser -->
      </class> <!-- com.org.concordia.photoapi.tests.TestAddAndRemoveFavouritePhotosByUserApi -->
      <class name="com.org.concordia.photoapi.tests.TestValidateUserApi">
        <test-method is-config="true" signature="setup()[pri:0, instance:com.org.concordia.photoapi.tests.TestValidateUserApi@478190fc]" started-at="2022-11-14T16:25:19 GMT-05:00" name="setup" finished-at="2022-11-14T16:25:19 GMT-05:00" duration-ms="0" status="PASS">
          <reporter-output>
          </reporter-output>
        </test-method> <!-- setup -->
        <test-method signature="userAuthenticationFailure()[pri:0, instance:com.org.concordia.photoapi.tests.TestValidateUserApi@478190fc]" started-at="2022-11-14T16:25:19 GMT-05:00" name="userAuthenticationFailure" finished-at="2022-11-14T16:25:19 GMT-05:00" duration-ms="43" status="PASS">
          <reporter-output>
          </reporter-output>
        </test-method> <!-- userAuthenticationFailure -->
        <test-method signature="userAuthenticationSuccess()[pri:0, instance:com.org.concordia.photoapi.tests.TestValidateUserApi@478190fc]" started-at="2022-11-14T16:25:19 GMT-05:00" name="userAuthenticationSuccess" finished-at="2022-11-14T16:25:19 GMT-05:00" duration-ms="25" status="PASS">
          <reporter-output>
          </reporter-output>
        </test-method> <!-- userAuthenticationSuccess -->
        <test-method signature="userAuthenticationWrongPassword()[pri:0, instance:com.org.concordia.photoapi.tests.TestValidateUserApi@478190fc]" started-at="2022-11-14T16:25:19 GMT-05:00" name="userAuthenticationWrongPassword" finished-at="2022-11-14T16:25:19 GMT-05:00" duration-ms="23" status="PASS">
          <reporter-output>
          </reporter-output>
        </test-method> <!-- userAuthenticationWrongPassword -->
      </class> <!-- com.org.concordia.photoapi.tests.TestValidateUserApi -->
      <class name="com.org.concordia.photoapi.tests.TestGetLikesOfAllPhotosApi">
        <test-method signature="getLikedPhotos()[pri:0, instance:com.org.concordia.photoapi.tests.TestGetLikesOfAllPhotosApi@79e2c065]" started-at="2022-11-14T16:25:19 GMT-05:00" name="getLikedPhotos" finished-at="2022-11-14T16:25:20 GMT-05:00" duration-ms="82" status="PASS">
          <reporter-output>
          </reporter-output>
        </test-method> <!-- getLikedPhotos -->
        <test-method is-config="true" signature="setup()[pri:0, instance:com.org.concordia.photoapi.tests.TestGetLikesOfAllPhotosApi@79e2c065]" started-at="2022-11-14T16:25:19 GMT-05:00" name="setup" finished-at="2022-11-14T16:25:19 GMT-05:00" duration-ms="0" status="PASS">
          <reporter-output>
          </reporter-output>
        </test-method> <!-- setup -->
      </class> <!-- com.org.concordia.photoapi.tests.TestGetLikesOfAllPhotosApi -->
      <class name="com.org.concordia.photoapi.tests.TestDataInsertionInDB">
        <test-method is-config="true" signature="insertTestDataInDB()[pri:0, instance:com.org.concordia.photoapi.tests.TestDataInsertionInDB@564fabc8]" started-at="2022-11-14T16:25:14 GMT-05:00" name="insertTestDataInDB" finished-at="2022-11-14T16:25:16 GMT-05:00" duration-ms="1728" status="PASS">
          <reporter-output>
          </reporter-output>
        </test-method> <!-- insertTestDataInDB -->
      </class> <!-- com.org.concordia.photoapi.tests.TestDataInsertionInDB -->
      <class name="com.org.concordia.photoapi.tests.TestGetAllFavPhotosByUsernameApi">
        <test-method is-config="true" signature="setup()[pri:0, instance:com.org.concordia.photoapi.tests.TestGetAllFavPhotosByUsernameApi@16d04d3d]" started-at="2022-11-14T16:25:20 GMT-05:00" name="setup" finished-at="2022-11-14T16:25:20 GMT-05:00" duration-ms="0" status="PASS">
          <reporter-output>
          </reporter-output>
        </test-method> <!-- setup -->
        <test-method signature="addUserFavPhotos()[pri:0, instance:com.org.concordia.photoapi.tests.TestGetAllFavPhotosByUsernameApi@16d04d3d]" started-at="2022-11-14T16:25:20 GMT-05:00" name="addUserFavPhotos" finished-at="2022-11-14T16:25:20 GMT-05:00" duration-ms="413" status="PASS">
          <reporter-output>
          </reporter-output>
        </test-method> <!-- addUserFavPhotos -->
        <test-method signature="getFavPhotos()[pri:1, instance:com.org.concordia.photoapi.tests.TestGetAllFavPhotosByUsernameApi@16d04d3d]" started-at="2022-11-14T16:25:20 GMT-05:00" name="getFavPhotos" finished-at="2022-11-14T16:25:20 GMT-05:00" duration-ms="79" status="PASS">
          <reporter-output>
          </reporter-output>
        </test-method> <!-- getFavPhotos -->
        <test-method signature="getUserFavPhotosWithInvalidUser()[pri:2, instance:com.org.concordia.photoapi.tests.TestGetAllFavPhotosByUsernameApi@16d04d3d]" started-at="2022-11-14T16:25:20 GMT-05:00" name="getUserFavPhotosWithInvalidUser" finished-at="2022-11-14T16:25:20 GMT-05:00" duration-ms="22" status="PASS">
          <reporter-output>
          </reporter-output>
        </test-method> <!-- getUserFavPhotosWithInvalidUser -->
      </class> <!-- com.org.concordia.photoapi.tests.TestGetAllFavPhotosByUsernameApi -->
      <class name="com.org.concordia.photoapi.tests.TestDBConnection">
        <test-method signature="closeConnection()[pri:0, instance:com.org.concordia.photoapi.tests.TestDBConnection@49ec71f8]" started-at="2022-11-14T16:25:20 GMT-05:00" name="closeConnection" finished-at="2022-11-14T16:25:20 GMT-05:00" duration-ms="0" status="PASS">
          <reporter-output>
          </reporter-output>
        </test-method> <!-- closeConnection -->
        <test-method signature="setupConnection()[pri:0, instance:com.org.concordia.photoapi.tests.TestDBConnection@49ec71f8]" started-at="2022-11-14T16:25:20 GMT-05:00" name="setupConnection" finished-at="2022-11-14T16:25:20 GMT-05:00" duration-ms="1" status="PASS">
          <reporter-output>
          </reporter-output>
        </test-method> <!-- setupConnection -->
      </class> <!-- com.org.concordia.photoapi.tests.TestDBConnection -->
      <class name="com.org.concordia.photoapi.tests.TestAddNewUserApi">
        <test-method is-config="true" signature="setup()[pri:0, instance:com.org.concordia.photoapi.tests.TestAddNewUserApi@1d2adfbe]" started-at="2022-11-14T16:25:20 GMT-05:00" name="setup" finished-at="2022-11-14T16:25:20 GMT-05:00" duration-ms="0" status="PASS">
          <reporter-output>
          </reporter-output>
        </test-method> <!-- setup -->
        <test-method signature="deleteNewUserCreated()[pri:0, instance:com.org.concordia.photoapi.tests.TestAddNewUserApi@1d2adfbe]" started-at="2022-11-14T16:25:20 GMT-05:00" name="deleteNewUserCreated" finished-at="2022-11-14T16:25:21 GMT-05:00" duration-ms="615" status="PASS">
          <reporter-output>
          </reporter-output>
        </test-method> <!-- deleteNewUserCreated -->
        <test-method signature="addNewUserSuccess()[pri:1, instance:com.org.concordia.photoapi.tests.TestAddNewUserApi@1d2adfbe]" started-at="2022-11-14T16:25:21 GMT-05:00" name="addNewUserSuccess" finished-at="2022-11-14T16:25:21 GMT-05:00" duration-ms="596" status="PASS">
          <reporter-output>
          </reporter-output>
        </test-method> <!-- addNewUserSuccess -->
        <test-method signature="addNewUserFailure()[pri:2, instance:com.org.concordia.photoapi.tests.TestAddNewUserApi@1d2adfbe]" started-at="2022-11-14T16:25:21 GMT-05:00" name="addNewUserFailure" finished-at="2022-11-14T16:25:21 GMT-05:00" duration-ms="69" status="PASS">
          <reporter-output>
          </reporter-output>
        </test-method> <!-- addNewUserFailure -->
      </class> <!-- com.org.concordia.photoapi.tests.TestAddNewUserApi -->
      <class name="com.org.concordia.photoapi.tests.TestGetAllLikedPhotosByUsernameApi">
        <test-method is-config="true" signature="setup()[pri:0, instance:com.org.concordia.photoapi.tests.TestGetAllLikedPhotosByUsernameApi@8f4ea7c]" started-at="2022-11-14T16:25:21 GMT-05:00" name="setup" finished-at="2022-11-14T16:25:21 GMT-05:00" duration-ms="2" status="PASS">
          <reporter-output>
          </reporter-output>
        </test-method> <!-- setup -->
        <test-method signature="addPhotosLikedByUser()[pri:0, instance:com.org.concordia.photoapi.tests.TestGetAllLikedPhotosByUsernameApi@8f4ea7c]" started-at="2022-11-14T16:25:21 GMT-05:00" name="addPhotosLikedByUser" finished-at="2022-11-14T16:25:22 GMT-05:00" duration-ms="448" status="PASS">
          <reporter-output>
          </reporter-output>
        </test-method> <!-- addPhotosLikedByUser -->
        <test-method signature="getLikedPhotos()[pri:1, instance:com.org.concordia.photoapi.tests.TestGetAllLikedPhotosByUsernameApi@8f4ea7c]" started-at="2022-11-14T16:25:22 GMT-05:00" name="getLikedPhotos" finished-at="2022-11-14T16:25:22 GMT-05:00" duration-ms="70" status="PASS">
          <reporter-output>
          </reporter-output>
        </test-method> <!-- getLikedPhotos -->
        <test-method signature="getUserLikedPhotosWithInvalidUser()[pri:2, instance:com.org.concordia.photoapi.tests.TestGetAllLikedPhotosByUsernameApi@8f4ea7c]" started-at="2022-11-14T16:25:22 GMT-05:00" name="getUserLikedPhotosWithInvalidUser" finished-at="2022-11-14T16:25:22 GMT-05:00" duration-ms="49" status="PASS">
          <reporter-output>
          </reporter-output>
        </test-method> <!-- getUserLikedPhotosWithInvalidUser -->
      </class> <!-- com.org.concordia.photoapi.tests.TestGetAllLikedPhotosByUsernameApi -->
      <class name="com.org.concordia.photoapi.tests.TestGetAllPhotosByPhotographer">
        <test-method is-config="true" signature="setup()[pri:0, instance:com.org.concordia.photoapi.tests.TestGetAllPhotosByPhotographer@436813f3]" started-at="2022-11-14T16:25:22 GMT-05:00" name="setup" finished-at="2022-11-14T16:25:22 GMT-05:00" duration-ms="0" status="PASS">
          <reporter-output>
          </reporter-output>
        </test-method> <!-- setup -->
        <test-method signature="showAllPhotosToUserByPhotographer()[pri:0, instance:com.org.concordia.photoapi.tests.TestGetAllPhotosByPhotographer@436813f3]" started-at="2022-11-14T16:25:22 GMT-05:00" name="showAllPhotosToUserByPhotographer" finished-at="2022-11-14T16:25:23 GMT-05:00" duration-ms="642" status="PASS">
          <reporter-output>
          </reporter-output>
        </test-method> <!-- showAllPhotosToUserByPhotographer -->
      </class> <!-- com.org.concordia.photoapi.tests.TestGetAllPhotosByPhotographer -->
      <class name="com.org.concordia.photoapi.tests.TestGetLikesOfAPhotosApi">
        <test-method is-config="true" signature="setup()[pri:0, instance:com.org.concordia.photoapi.tests.TestGetLikesOfAPhotosApi@74fe5c40]" started-at="2022-11-14T16:25:23 GMT-05:00" name="setup" finished-at="2022-11-14T16:25:23 GMT-05:00" duration-ms="1" status="PASS">
          <reporter-output>
          </reporter-output>
        </test-method> <!-- setup -->
        <test-method signature="getLikedPhotos()[pri:0, instance:com.org.concordia.photoapi.tests.TestGetLikesOfAPhotosApi@74fe5c40]" started-at="2022-11-14T16:25:23 GMT-05:00" name="getLikedPhotos" finished-at="2022-11-14T16:25:23 GMT-05:00" duration-ms="17" status="PASS">
          <reporter-output>
          </reporter-output>
        </test-method> <!-- getLikedPhotos -->
      </class> <!-- com.org.concordia.photoapi.tests.TestGetLikesOfAPhotosApi -->
      <class name="com.org.concordia.photoapi.tests.TestUserDetailsAfterLogin">
        <test-method is-config="true" signature="setup()[pri:0, instance:com.org.concordia.photoapi.tests.TestUserDetailsAfterLogin@3febb011]" started-at="2022-11-14T16:25:23 GMT-05:00" name="setup" finished-at="2022-11-14T16:25:23 GMT-05:00" duration-ms="1" status="PASS">
          <reporter-output>
          </reporter-output>
        </test-method> <!-- setup -->
        <test-method signature="userDetailsAfterLogin()[pri:0, instance:com.org.concordia.photoapi.tests.TestUserDetailsAfterLogin@3febb011]" started-at="2022-11-14T16:25:23 GMT-05:00" name="userDetailsAfterLogin" finished-at="2022-11-14T16:25:23 GMT-05:00" duration-ms="26" status="PASS">
          <reporter-output>
          </reporter-output>
        </test-method> <!-- userDetailsAfterLogin -->
      </class> <!-- com.org.concordia.photoapi.tests.TestUserDetailsAfterLogin -->
      <class name="com.org.concordia.photoapi.tests.TestGetAllPhotosApi">
        <test-method is-config="true" signature="setup()[pri:0, instance:com.org.concordia.photoapi.tests.TestGetAllPhotosApi@131774fe]" started-at="2022-11-14T16:25:23 GMT-05:00" name="setup" finished-at="2022-11-14T16:25:23 GMT-05:00" duration-ms="1" status="PASS">
          <reporter-output>
          </reporter-output>
        </test-method> <!-- setup -->
        <test-method signature="showAllPhotosToUser()[pri:0, instance:com.org.concordia.photoapi.tests.TestGetAllPhotosApi@131774fe]" started-at="2022-11-14T16:25:23 GMT-05:00" name="showAllPhotosToUser" finished-at="2022-11-14T16:25:23 GMT-05:00" duration-ms="437" status="PASS">
          <reporter-output>
          </reporter-output>
        </test-method> <!-- showAllPhotosToUser -->
      </class> <!-- com.org.concordia.photoapi.tests.TestGetAllPhotosApi -->
      <class name="com.org.concordia.photoapi.tests.TestAddAndRemoveLikedPhotosByUserApi">
        <test-method signature="addPhotosLikedByUser()[pri:0, instance:com.org.concordia.photoapi.tests.TestAddAndRemoveLikedPhotosByUserApi@10e31a9a]" started-at="2022-11-14T16:25:23 GMT-05:00" name="addPhotosLikedByUser" finished-at="2022-11-14T16:25:23 GMT-05:00" duration-ms="131" status="PASS">
          <reporter-output>
          </reporter-output>
        </test-method> <!-- addPhotosLikedByUser -->
        <test-method is-config="true" signature="setup()[pri:0, instance:com.org.concordia.photoapi.tests.TestAddAndRemoveLikedPhotosByUserApi@10e31a9a]" started-at="2022-11-14T16:25:23 GMT-05:00" name="setup" finished-at="2022-11-14T16:25:23 GMT-05:00" duration-ms="0" status="PASS">
          <reporter-output>
          </reporter-output>
        </test-method> <!-- setup -->
        <test-method signature="removePhotosDislikedByUser()[pri:1, instance:com.org.concordia.photoapi.tests.TestAddAndRemoveLikedPhotosByUserApi@10e31a9a]" started-at="2022-11-14T16:25:23 GMT-05:00" name="removePhotosDislikedByUser" finished-at="2022-11-14T16:25:23 GMT-05:00" duration-ms="157" status="PASS">
          <reporter-output>
          </reporter-output>
        </test-method> <!-- removePhotosDislikedByUser -->
        <test-method signature="addPhotosLikedByInvalidUser()[pri:2, instance:com.org.concordia.photoapi.tests.TestAddAndRemoveLikedPhotosByUserApi@10e31a9a]" started-at="2022-11-14T16:25:23 GMT-05:00" name="addPhotosLikedByInvalidUser" finished-at="2022-11-14T16:25:23 GMT-05:00" duration-ms="46" status="PASS">
          <reporter-output>
          </reporter-output>
        </test-method> <!-- addPhotosLikedByInvalidUser -->
        <test-method signature="removePhotosDislikedByInvalidUser()[pri:3, instance:com.org.concordia.photoapi.tests.TestAddAndRemoveLikedPhotosByUserApi@10e31a9a]" started-at="2022-11-14T16:25:23 GMT-05:00" name="removePhotosDislikedByInvalidUser" finished-at="2022-11-14T16:25:23 GMT-05:00" duration-ms="61" status="PASS">
          <reporter-output>
          </reporter-output>
        </test-method> <!-- removePhotosDislikedByInvalidUser -->
      </class> <!-- com.org.concordia.photoapi.tests.TestAddAndRemoveLikedPhotosByUserApi -->
      <class name="com.org.concordia.photoapi.tests.TestDataDeletionFromDB">
        <test-method is-config="true" signature="deleteTestDataFromDB()[pri:0, instance:com.org.concordia.photoapi.tests.TestDataDeletionFromDB@158d2680]" started-at="2022-11-14T16:25:24 GMT-05:00" name="deleteTestDataFromDB" finished-at="2022-11-14T16:25:24 GMT-05:00" duration-ms="897" status="PASS">
          <reporter-output>
          </reporter-output>
        </test-method> <!-- deleteTestDataFromDB -->
      </class> <!-- com.org.concordia.photoapi.tests.TestDataDeletionFromDB -->
    </test> <!-- Default test -->
  </suite> <!-- Default suite -->
</testng-results>
