<?xml version="1.0" encoding="UTF-8"?>
<!-- Generated by org.testng.reporters.JUnitXMLReporter -->
<testsuite ignored="0" hostname="DESKTOP-Raveena" failures="0" tests="25" name="Default test" time="5.374" errors="0" timestamp="2022-11-07T21:00:47 GMT-05:00">
  <testcase classname="com.org.concordia.photoapi.tests.TestAddAndRemoveFavouritePhotosByUserApi" name="addUserFavPhotos" time="1.686"/>
  <testcase classname="com.org.concordia.photoapi.tests.TestAddAndRemoveFavouritePhotosByUserApi" name="removeUserFavPhotos" time="0.098"/>
  <testcase classname="com.org.concordia.photoapi.tests.TestAddAndRemoveFavouritePhotosByUserApi" name="addUserFavPhotosWithInvalidUser" time="0.08"/>
  <testcase classname="com.org.concordia.photoapi.tests.TestAddAndRemoveFavouritePhotosByUserApi" name="removeUserFavPhotosWithInvalidUser" time="0.027"/>
  <testcase classname="com.org.concordia.photoapi.tests.TestValidateUserApi" name="userAuthenticationFailure" time="0.032"/>
  <testcase classname="com.org.concordia.photoapi.tests.TestValidateUserApi" name="userAuthenticationSuccess" time="0.019"/>
  <testcase classname="com.org.concordia.photoapi.tests.TestValidateUserApi" name="userAuthenticationWrongPassword" time="0.019"/>
  <testcase classname="com.org.concordia.photoapi.tests.TestGetAllFavPhotosByUsernameApi" name="addUserFavPhotos" time="0.138"/>
  <testcase classname="com.org.concordia.photoapi.tests.TestGetAllFavPhotosByUsernameApi" name="getFavPhotos" time="0.216"/>
  <testcase classname="com.org.concordia.photoapi.tests.TestGetAllFavPhotosByUsernameApi" name="getUserFavPhotosWithInvalidUser" time="0.013"/>
  <testcase classname="com.org.concordia.photoapi.tests.TestDBConnection" name="closeConnection" time="0.001"/>
  <testcase classname="com.org.concordia.photoapi.tests.TestDBConnection" name="setupConnection" time="0.001"/>
  <testcase classname="com.org.concordia.photoapi.tests.TestAddNewUserApi" name="deleteNewUserCreated" time="0.085"/>
  <testcase classname="com.org.concordia.photoapi.tests.TestAddNewUserApi" name="addNewUserSuccess" time="0.099"/>
  <testcase classname="com.org.concordia.photoapi.tests.TestAddNewUserApi" name="addNewUserFailure" time="0.021"/>
  <testcase classname="com.org.concordia.photoapi.tests.TestGetAllLikedPhotosByUsernameApi" name="addPhotosLikedByUser" time="0.097"/>
  <testcase classname="com.org.concordia.photoapi.tests.TestGetAllLikedPhotosByUsernameApi" name="getLikedPhotos" time="0.03"/>
  <testcase classname="com.org.concordia.photoapi.tests.TestGetAllLikedPhotosByUsernameApi" name="getUserLikedPhotosWithInvalidUser" time="0.018"/>
  <testcase classname="com.org.concordia.photoapi.tests.TestGetAllPhotosByPhotographer" name="showAllPhotosToUserByPhotographer" time="1.055"/>
  <testcase classname="com.org.concordia.photoapi.tests.TestUserDetailsAfterLogin" name="userDetailsAfterLogin" time="0.029"/>
  <testcase classname="com.org.concordia.photoapi.tests.TestAddAndRemoveLikedPhotosByUserApi" name="addPhotosLikedByUser" time="0.117"/>
  <testcase classname="com.org.concordia.photoapi.tests.TestAddAndRemoveLikedPhotosByUserApi" name="removePhotosDislikedByUser" time="0.099"/>
  <testcase classname="com.org.concordia.photoapi.tests.TestAddAndRemoveLikedPhotosByUserApi" name="addPhotosLikedByInvalidUser" time="0.015"/>
  <testcase classname="com.org.concordia.photoapi.tests.TestAddAndRemoveLikedPhotosByUserApi" name="removePhotosDislikedByInvalidUser" time="0.021"/>
  <testcase classname="com.org.concordia.photoapi.tests.TestGetAllPhotosApi" name="showAllPhotosToUser" time="0.888"/>
</testsuite> <!-- Default test -->
